2020:10:26 23:42:35.659 INFO  --- [restartedMain] com.jmao.blog.BlogMavenApplication : Starting BlogMavenApplication on DESKTOP-7NNT3Q8 with PID 13564 (C:\dev\workspace\blog_maven\target\classes started by jeon in C:\dev\workspace\blog_maven) 
2020:10:26 23:42:35.661 INFO  --- [restartedMain] com.jmao.blog.BlogMavenApplication : No active profile set, falling back to default profiles: default 
2020:10:26 23:42:35.689 INFO  --- [restartedMain] o.s.b.d.e.DevToolsPropertyDefaultsPostProcessor : Devtools property defaults active! Set 'spring.devtools.add-properties' to 'false' to disable 
2020:10:26 23:42:35.689 INFO  --- [restartedMain] o.s.b.d.e.DevToolsPropertyDefaultsPostProcessor : For additional web related logging consider setting the 'logging.level.web' property to 'DEBUG' 
2020:10:26 23:42:36.095 INFO  --- [restartedMain] o.s.d.r.c.RepositoryConfigurationDelegate : Bootstrapping Spring Data JPA repositories in DEFERRED mode. 
2020:10:26 23:42:36.135 INFO  --- [restartedMain] o.s.d.r.c.RepositoryConfigurationDelegate : Finished Spring Data repository scanning in 34ms. Found 2 JPA repository interfaces. 
2020:10:26 23:42:36.295 INFO  --- [restartedMain] o.s.c.s.PostProcessorRegistrationDelegate$BeanPostProcessorChecker : Bean 'org.springframework.security.access.expression.method.DefaultMethodSecurityExpressionHandler@6e320fdc' of type [org.springframework.security.access.expression.method.DefaultMethodSecurityExpressionHandler] is not eligible for getting processed by all BeanPostProcessors (for example: not eligible for auto-proxying) 
2020:10:26 23:42:36.297 INFO  --- [restartedMain] o.s.c.s.PostProcessorRegistrationDelegate$BeanPostProcessorChecker : Bean 'methodSecurityMetadataSource' of type [org.springframework.security.access.method.DelegatingMethodSecurityMetadataSource] is not eligible for getting processed by all BeanPostProcessors (for example: not eligible for auto-proxying) 
2020:10:26 23:42:36.464 INFO  --- [restartedMain] o.s.b.w.e.tomcat.TomcatWebServer : Tomcat initialized with port(s): 8000 (http) 
2020:10:26 23:42:36.470 INFO  --- [restartedMain] o.a.catalina.core.StandardService : Starting service [Tomcat] 
2020:10:26 23:42:36.471 INFO  --- [restartedMain] o.a.catalina.core.StandardEngine : Starting Servlet engine: [Apache Tomcat/9.0.38] 
2020:10:26 23:42:36.629 INFO  --- [restartedMain] o.apache.jasper.servlet.TldScanner : At least one JAR was scanned for TLDs yet contained no TLDs. Enable debug logging for this logger for a complete list of JARs that were scanned but no TLDs were found in them. Skipping unneeded JARs during scanning can improve startup time and JSP compilation time. 
2020:10:26 23:42:36.634 INFO  --- [restartedMain] o.a.c.c.C.[Tomcat].[localhost].[/] : Initializing Spring embedded WebApplicationContext 
2020:10:26 23:42:36.634 INFO  --- [restartedMain] o.s.b.w.s.c.ServletWebServerApplicationContext : Root WebApplicationContext: initialization completed in 944 ms 
2020:10:26 23:42:36.743 INFO  --- [restartedMain] o.s.s.c.ThreadPoolTaskExecutor : Initializing ExecutorService 'applicationTaskExecutor' 
2020:10:26 23:42:36.769 INFO  --- [task-1] o.h.jpa.internal.util.LogHelper : HHH000204: Processing PersistenceUnitInfo [name: default] 
2020:10:26 23:42:36.796 INFO  --- [task-1] org.hibernate.Version : HHH000412: Hibernate ORM core version 5.4.21.Final 
2020:10:26 23:42:36.862 INFO  --- [task-1] o.h.annotations.common.Version : HCANN000001: Hibernate Commons Annotations {5.1.0.Final} 
2020:10:26 23:42:36.913 INFO  --- [restartedMain] o.s.s.w.DefaultSecurityFilterChain : Creating filter chain: any request, [org.springframework.security.web.context.request.async.WebAsyncManagerIntegrationFilter@2db2940, org.springframework.security.web.context.SecurityContextPersistenceFilter@4abce4b8, org.springframework.security.web.header.HeaderWriterFilter@1d5401a9, org.springframework.security.web.authentication.logout.LogoutFilter@786752cf, org.springframework.security.web.authentication.UsernamePasswordAuthenticationFilter@48e6092e, org.springframework.security.web.savedrequest.RequestCacheAwareFilter@43f08ba0, org.springframework.security.web.servletapi.SecurityContextHolderAwareRequestFilter@3eedc232, org.springframework.security.web.authentication.AnonymousAuthenticationFilter@7bc61d02, org.springframework.security.web.session.SessionManagementFilter@18cb4352, org.springframework.security.web.access.ExceptionTranslationFilter@7544a9f3, org.springframework.security.web.access.intercept.FilterSecurityInterceptor@63d64222] 
2020:10:26 23:42:36.914 INFO  --- [task-1] com.zaxxer.hikari.HikariDataSource : HikariPool-1 - Starting... 
2020:10:26 23:42:36.990 INFO  --- [task-1] com.zaxxer.hikari.HikariDataSource : HikariPool-1 - Start completed. 
2020:10:26 23:42:37.000 INFO  --- [task-1] org.hibernate.dialect.Dialect : HHH000400: Using dialect: org.hibernate.dialect.MySQL55Dialect 
2020:10:26 23:42:37.041 INFO  --- [restartedMain] o.s.b.a.w.s.WelcomePageHandlerMapping : Adding welcome page template: index 
2020:10:26 23:42:37.135 INFO  --- [restartedMain] o.s.b.d.a.OptionalLiveReloadServer : LiveReload server is running on port 35729 
2020:10:26 23:42:37.164 INFO  --- [restartedMain] o.s.b.w.e.tomcat.TomcatWebServer : Tomcat started on port(s): 8000 (http) with context path '' 
2020:10:26 23:42:37.166 INFO  --- [restartedMain] o.s.d.r.c.DeferredRepositoryInitializationListener : Triggering deferred initialization of Spring Data repositories… 
2020:10:26 23:42:37.431 INFO  --- [task-1] o.h.e.t.j.p.i.JtaPlatformInitiator : HHH000490: Using JtaPlatform implementation: [org.hibernate.engine.transaction.jta.platform.internal.NoJtaPlatform] 
2020:10:26 23:42:37.436 INFO  --- [task-1] o.s.o.j.LocalContainerEntityManagerFactoryBean : Initialized JPA EntityManagerFactory for persistence unit 'default' 
2020:10:26 23:42:37.592 INFO  --- [restartedMain] o.s.d.r.c.DeferredRepositoryInitializationListener : Spring Data repositories initialized! 
2020:10:26 23:42:37.597 INFO  --- [restartedMain] com.jmao.blog.BlogMavenApplication : Started BlogMavenApplication in 2.209 seconds (JVM running for 2.78) 
2020:10:26 23:42:43.568 INFO  --- [http-nio-8000-exec-1] o.a.c.c.C.[Tomcat].[localhost].[/] : Initializing Spring DispatcherServlet 'dispatcherServlet' 
2020:10:26 23:42:43.568 INFO  --- [http-nio-8000-exec-1] o.s.web.servlet.DispatcherServlet : Initializing Servlet 'dispatcherServlet' 
2020:10:26 23:42:43.573 INFO  --- [http-nio-8000-exec-1] o.s.web.servlet.DispatcherServlet : Completed initialization in 5 ms 
2020:10:26 23:42:44.174 WARN  --- [http-nio-8000-exec-1] o.a.c.util.SessionIdGeneratorBase : Creation of SecureRandom instance for session ID generation using [SHA1PRNG] took [105] milliseconds. 
2020:10:26 23:42:47.284 INFO  --- [http-nio-8000-exec-6] c.j.b.c.auth.PrincipalDetailService : principal : User(id=1, username=jsh, password=$2a$10$2tKfB5CLbbrwVfOa4t6JbOA.JIkjSROxP4Seri6zX22lvs6Q/VMiC, email=12345@basc.acc, role=USER, createDate=2020-10-25T20:07:10, updateDate=2020-10-25T20:07:10) 
2020:10:26 23:43:43.805 INFO  --- [http-nio-8000-exec-10] c.j.blog.controller.BoardController : boardView : Board(id=8, title=최종보기 상세 끝, content=<h1>글테스트완료</h1><p>뷰완료</p><p>나머지 딜리트 업데이트</p><p>후 카카오로긴</p>, count=0, user=User(id=1, username=jsh, password=$2a$10$2tKfB5CLbbrwVfOa4t6JbOA.JIkjSROxP4Seri6zX22lvs6Q/VMiC, email=12345@basc.acc, role=USER, createDate=2020-10-25T20:07:10, updateDate=2020-10-25T20:07:10), reply=[], createDate=2020-10-25T22:18:15, updateDate=2020-10-25T22:18:15) 
2020:10:26 23:43:46.478 INFO  --- [http-nio-8000-exec-5] c.j.b.c.api.BoardApiController : UserApiController : 세이브 호출됨 
2020:10:26 23:43:48.650 INFO  --- [http-nio-8000-exec-8] c.j.blog.controller.BoardController : boardView : Board(id=10, title=1231, content=<p>123123123</p>, count=0, user=User(id=1, username=jsh, password=$2a$10$2tKfB5CLbbrwVfOa4t6JbOA.JIkjSROxP4Seri6zX22lvs6Q/VMiC, email=12345@basc.acc, role=USER, createDate=2020-10-25T20:07:10, updateDate=2020-10-25T20:07:10), reply=[], createDate=2020-10-26T23:43:46, updateDate=2020-10-26T23:43:46) 
